<?xml version="1.0" encoding="UTF-8"?>
<!-- Generated by org.testng.reporters.JUnitXMLReporter -->
<testsuite ignored="0" hostname="EC2AMAZ-EHR6SVV" failures="0" tests="7" name="Default test" time="6.964" errors="0" timestamp="2024-12-26T12:14:43 IST">
  <testcase classname="com.spree.test.Countries" name="T01_getDefaultCountries" time="2.408"/>
  <testcase classname="com.spree.test.Countries" name="T02_retrieveaCountry" time="0.477"/>
  <testcase classname="com.spree.test.Countries" name="T02_retrieveaCountry" time="0.462"/>
  <testcase classname="com.spree.test.Countries" name="T02_retrieveaCountry" time="0.436"/>
  <testcase classname="com.spree.test.Countries" name="T02_retrieveaCountry" time="0.476"/>
  <testcase classname="com.spree.test.Countries" name="T02_retrieveaCountry" time="0.424"/>
  <testcase classname="com.spree.test.Countries" name="T03_listallCountries" time="1.273"/>
</testsuite> <!-- Default test -->
